# JRE version: Java(TM) SE Runtime Environment (8.0_121-b13) (build 1.8.0_121-b13)
# Java VM: Java HotSpot(TM) 64-Bit Server VM (25.121-b13 mixed mode bsd-amd64 compressed oops)
Heap:
 PSYoungGen      total 263168K, used 11631K [0x000000076ab00000, 0x000000077bf80000, 0x00000007c0000000)
  eden space 255488K, 4% used [0x000000076ab00000,0x000000076b65bef0,0x000000077a480000)
  from space 7680K, 0% used [0x000000077b800000,0x000000077b800000,0x000000077bf80000)
  to   space 13312K, 0% used [0x000000077a580000,0x000000077a580000,0x000000077b280000)
 ParOldGen       total 82944K, used 18006K [0x00000006c0000000, 0x00000006c5100000, 0x000000076ab00000)
  object space 82944K, 21% used [0x00000006c0000000,0x00000006c1195aa0,0x00000006c5100000)
 Metaspace       used 21211K, capacity 22156K, committed 22448K, reserved 1069056K
  class space    used 2942K, capacity 3165K, committed 3248K, reserved 1048576K
GC Heap History (10 events):
Event: 2.308 GC heap before
{Heap before GC invocations=4 (full 0):
 PSYoungGen      total 76288K, used 73699K [0x000000076ab00000, 0x0000000774000000, 0x00000007c0000000)
  eden space 65536K, 99% used [0x000000076ab00000,0x000000076eae39f0,0x000000076eb00000)
  from space 10752K, 76% used [0x000000076eb00000,0x000000076f3152d8,0x000000076f580000)
  to   space 10752K, 0% used [0x0000000773580000,0x0000000773580000,0x0000000774000000)
 ParOldGen       total 175104K, used 2754K [0x00000006c0000000, 0x00000006cab00000, 0x000000076ab00000)
  object space 175104K, 1% used [0x00000006c0000000,0x00000006c02b0a38,0x00000006cab00000)
 Metaspace       used 19736K, capacity 20474K, committed 20736K, reserved 1067008K
  class space    used 2775K, capacity 2948K, committed 3072K, reserved 1048576K
Event: 2.314 GC heap after
Heap after GC invocations=4 (full 0):
 PSYoungGen      total 141824K, used 8402K [0x000000076ab00000, 0x0000000774000000, 0x00000007c0000000)
  eden space 131072K, 0% used [0x000000076ab00000,0x000000076ab00000,0x0000000772b00000)
  from space 10752K, 78% used [0x0000000773580000,0x0000000773db4b58,0x0000000774000000)
  to   space 10752K, 0% used [0x0000000772b00000,0x0000000772b00000,0x0000000773580000)
 ParOldGen       total 175104K, used 2762K [0x00000006c0000000, 0x00000006cab00000, 0x000000076ab00000)
  object space 175104K, 1% used [0x00000006c0000000,0x00000006c02b2a38,0x00000006cab00000)
 Metaspace       used 19736K, capacity 20474K, committed 20736K, reserved 1067008K
  class space    used 2775K, capacity 2948K, committed 3072K, reserved 1048576K
}
Event: 3.364 GC heap before
{Heap before GC invocations=5 (full 0):
 PSYoungGen      total 141824K, used 85670K [0x000000076ab00000, 0x0000000774000000, 0x00000007c0000000)
  eden space 131072K, 58% used [0x000000076ab00000,0x000000076f675080,0x0000000772b00000)
  from space 10752K, 78% used [0x0000000773580000,0x0000000773db4b58,0x0000000774000000)
  to   space 10752K, 0% used [0x0000000772b00000,0x0000000772b00000,0x0000000773580000)
 ParOldGen       total 175104K, used 2762K [0x00000006c0000000, 0x00000006cab00000, 0x000000076ab00000)
  object space 175104K, 1% used [0x00000006c0000000,0x00000006c02b2a38,0x00000006cab00000)
 Metaspace       used 20375K, capacity 21204K, committed 21296K, reserved 1067008K
  class space    used 2849K, capacity 3075K, committed 3120K, reserved 1048576K
Event: 3.372 GC heap after
Heap after GC invocations=5 (full 0):
 PSYoungGen      total 141824K, used 9291K [0x000000076ab00000, 0x000000077c500000, 0x00000007c0000000)
  eden space 131072K, 0% used [0x000000076ab00000,0x000000076ab00000,0x0000000772b00000)
  from space 10752K, 86% used [0x0000000772b00000,0x0000000773412f68,0x0000000773580000)
  to   space 13312K, 0% used [0x000000077b800000,0x000000077b800000,0x000000077c500000)
 ParOldGen       total 175104K, used 2778K [0x00000006c0000000, 0x00000006cab00000, 0x000000076ab00000)
  object space 175104K, 1% used [0x00000006c0000000,0x00000006c02b6a38,0x00000006cab00000)
 Metaspace       used 20375K, capacity 21204K, committed 21296K, reserved 1067008K
  class space    used 2849K, capacity 3075K, committed 3120K, reserved 1048576K
}
Event: 3.372 GC heap before
{Heap before GC invocations=6 (full 1):
 PSYoungGen      total 141824K, used 9291K [0x000000076ab00000, 0x000000077c500000, 0x00000007c0000000)
  eden space 131072K, 0% used [0x000000076ab00000,0x000000076ab00000,0x0000000772b00000)
  from space 10752K, 86% used [0x0000000772b00000,0x0000000773412f68,0x0000000773580000)
  to   space 13312K, 0% used [0x000000077b800000,0x000000077b800000,0x000000077c500000)
 ParOldGen       total 175104K, used 2778K [0x00000006c0000000, 0x00000006cab00000, 0x000000076ab00000)
  object space 175104K, 1% used [0x00000006c0000000,0x00000006c02b6a38,0x00000006cab00000)
 Metaspace       used 20375K, capacity 21204K, committed 21296K, reserved 1067008K
  class space    used 2849K, capacity 3075K, committed 3120K, reserved 1048576K
Event: 3.399 GC heap after
Heap after GC invocations=6 (full 1):
 PSYoungGen      total 141824K, used 0K [0x000000076ab00000, 0x000000077c500000, 0x00000007c0000000)
  eden space 131072K, 0% used [0x000000076ab00000,0x000000076ab00000,0x0000000772b00000)
  from space 10752K, 0% used [0x0000000772b00000,0x0000000772b00000,0x0000000773580000)
  to   space 13312K, 0% used [0x000000077b800000,0x000000077b800000,0x000000077c500000)
 ParOldGen       total 82944K, used 10906K [0x00000006c0000000, 0x00000006c5100000, 0x000000076ab00000)
  object space 82944K, 13% used [0x00000006c0000000,0x00000006c0aa6a80,0x00000006c5100000)
 Metaspace       used 20371K, capacity 21198K, committed 21296K, reserved 1067008K
  class space    used 2849K, capacity 3074K, committed 3120K, reserved 1048576K
}
Event: 6.123 GC heap before
{Heap before GC invocations=7 (full 1):
 PSYoungGen      total 141824K, used 38386K [0x000000076ab00000, 0x000000077c500000, 0x00000007c0000000)
  eden space 131072K, 29% used [0x000000076ab00000,0x000000076d07c9f0,0x0000000772b00000)
  from space 10752K, 0% used [0x0000000772b00000,0x0000000772b00000,0x0000000773580000)
  to   space 13312K, 0% used [0x000000077b800000,0x000000077b800000,0x000000077c500000)
 ParOldGen       total 82944K, used 10906K [0x00000006c0000000, 0x00000006c5100000, 0x000000076ab00000)
  object space 82944K, 13% used [0x00000006c0000000,0x00000006c0aa6a80,0x00000006c5100000)
 Metaspace       used 21161K, capacity 22084K, committed 22192K, reserved 1069056K
  class space    used 2941K, capacity 3163K, committed 3248K, reserved 1048576K
Event: 6.128 GC heap after
Heap after GC invocations=7 (full 1):
 PSYoungGen      total 263168K, used 7389K [0x000000076ab00000, 0x000000077bf80000, 0x00000007c0000000)
  eden space 255488K, 0% used [0x000000076ab00000,0x000000076ab00000,0x000000077a480000)
  from space 7680K, 96% used [0x000000077b800000,0x000000077bf37738,0x000000077bf80000)
  to   space 13312K, 0% used [0x000000077a580000,0x000000077a580000,0x000000077b280000)
 ParOldGen       total 82944K, used 10914K [0x00000006c0000000, 0x00000006c5100000, 0x000000076ab00000)
  object space 82944K, 13% used [0x00000006c0000000,0x00000006c0aa8a80,0x00000006c5100000)
 Metaspace       used 21161K, capacity 22084K, committed 22192K, reserved 1069056K
  class space    used 2941K, capacity 3163K, committed 3248K, reserved 1048576K
}
Event: 6.128 GC heap before
{Heap before GC invocations=8 (full 2):
 PSYoungGen      total 263168K, used 7389K [0x000000076ab00000, 0x000000077bf80000, 0x00000007c0000000)
  eden space 255488K, 0% used [0x000000076ab00000,0x000000076ab00000,0x000000077a480000)
  from space 7680K, 96% used [0x000000077b800000,0x000000077bf37738,0x000000077bf80000)
  to   space 13312K, 0% used [0x000000077a580000,0x000000077a580000,0x000000077b280000)
 ParOldGen       total 82944K, used 10914K [0x00000006c0000000, 0x00000006c5100000, 0x000000076ab00000)
  object space 82944K, 13% used [0x00000006c0000000,0x00000006c0aa8a80,0x00000006c5100000)
 Metaspace       used 21161K, capacity 22084K, committed 22192K, reserved 1069056K
  class space    used 2941K, capacity 3163K, committed 3248K, reserved 1048576K
Event: 6.182 GC heap after
Heap after GC invocations=8 (full 2):
 PSYoungGen      total 263168K, used 0K [0x000000076ab00000, 0x000000077bf80000, 0x00000007c0000000)
  eden space 255488K, 0% used [0x000000076ab00000,0x000000076ab00000,0x000000077a480000)
  from space 7680K, 0% used [0x000000077b800000,0x000000077b800000,0x000000077bf80000)
  to   space 13312K, 0% used [0x000000077a580000,0x000000077a580000,0x000000077b280000)
 ParOldGen       total 82944K, used 18006K [0x00000006c0000000, 0x00000006c5100000, 0x000000076ab00000)
  object space 82944K, 21% used [0x00000006c0000000,0x00000006c1195aa0,0x00000006c5100000)
 Metaspace       used 21161K, capacity 22084K, committed 22192K, reserved 1069056K
  class space    used 2941K, capacity 3163K, committed 3248K, reserved 1048576K
}

