# JRE version: Java(TM) SE Runtime Environment (8.0_121-b13) (build 1.8.0_121-b13)
# Java VM: Java HotSpot(TM) 64-Bit Server VM (25.121-b13 mixed mode bsd-amd64 compressed oops)
Heap:
 PSYoungGen      total 141824K, used 8933K [0x000000076ab00000, 0x000000077c600000, 0x00000007c0000000)
  eden space 131072K, 6% used [0x000000076ab00000,0x000000076b3b9438,0x0000000772b00000)
  from space 10752K, 0% used [0x0000000772b00000,0x0000000772b00000,0x0000000773580000)
  to   space 13824K, 0% used [0x000000077b880000,0x000000077b880000,0x000000077c600000)
 ParOldGen       total 82944K, used 11639K [0x00000006c0000000, 0x00000006c5100000, 0x000000076ab00000)
  object space 82944K, 14% used [0x00000006c0000000,0x00000006c0b5de58,0x00000006c5100000)
 Metaspace       used 20568K, capacity 21368K, committed 21632K, reserved 1067008K
  class space    used 2870K, capacity 3095K, committed 3200K, reserved 1048576K
GC Heap History (10 events):
Event: 2.350 GC heap before
{Heap before GC invocations=2 (full 0):
 PSYoungGen      total 76288K, used 76210K [0x000000076ab00000, 0x0000000770000000, 0x00000007c0000000)
  eden space 65536K, 99% used [0x000000076ab00000,0x000000076eaf43a0,0x000000076eb00000)
  from space 10752K, 99% used [0x000000076eb00000,0x000000076f5786b8,0x000000076f580000)
  to   space 10752K, 0% used [0x000000076f580000,0x000000076f580000,0x0000000770000000)
 ParOldGen       total 175104K, used 2889K [0x00000006c0000000, 0x00000006cab00000, 0x000000076ab00000)
  object space 175104K, 1% used [0x00000006c0000000,0x00000006c02d26c0,0x00000006cab00000)
 Metaspace       used 19697K, capacity 20402K, committed 20736K, reserved 1067008K
  class space    used 2764K, capacity 2946K, committed 3072K, reserved 1048576K
Event: 2.356 GC heap after
Heap after GC invocations=2 (full 0):
 PSYoungGen      total 76288K, used 8366K [0x000000076ab00000, 0x0000000774000000, 0x00000007c0000000)
  eden space 65536K, 0% used [0x000000076ab00000,0x000000076ab00000,0x000000076eb00000)
  from space 10752K, 77% used [0x000000076f580000,0x000000076fdab828,0x0000000770000000)
  to   space 10752K, 0% used [0x000000076eb00000,0x000000076eb00000,0x000000076f580000)
 ParOldGen       total 175104K, used 2897K [0x00000006c0000000, 0x00000006cab00000, 0x000000076ab00000)
  object space 175104K, 1% used [0x00000006c0000000,0x00000006c02d46c0,0x00000006cab00000)
 Metaspace       used 19697K, capacity 20402K, committed 20736K, reserved 1067008K
  class space    used 2764K, capacity 2946K, committed 3072K, reserved 1048576K
}
Event: 2.367 GC heap before
{Heap before GC invocations=3 (full 0):
 PSYoungGen      total 76288K, used 73882K [0x000000076ab00000, 0x0000000774000000, 0x00000007c0000000)
  eden space 65536K, 99% used [0x000000076ab00000,0x000000076eafb2b8,0x000000076eb00000)
  from space 10752K, 77% used [0x000000076f580000,0x000000076fdab828,0x0000000770000000)
  to   space 10752K, 0% used [0x000000076eb00000,0x000000076eb00000,0x000000076f580000)
 ParOldGen       total 175104K, used 2897K [0x00000006c0000000, 0x00000006cab00000, 0x000000076ab00000)
  object space 175104K, 1% used [0x00000006c0000000,0x00000006c02d46c0,0x00000006cab00000)
 Metaspace       used 19697K, capacity 20402K, committed 20736K, reserved 1067008K
  class space    used 2764K, capacity 2946K, committed 3072K, reserved 1048576K
Event: 2.371 GC heap after
Heap after GC invocations=3 (full 0):
 PSYoungGen      total 76288K, used 8277K [0x000000076ab00000, 0x0000000774000000, 0x00000007c0000000)
  eden space 65536K, 0% used [0x000000076ab00000,0x000000076ab00000,0x000000076eb00000)
  from space 10752K, 76% used [0x000000076eb00000,0x000000076f315460,0x000000076f580000)
  to   space 10752K, 0% used [0x0000000773580000,0x0000000773580000,0x0000000774000000)
 ParOldGen       total 175104K, used 2905K [0x00000006c0000000, 0x00000006cab00000, 0x000000076ab00000)
  object space 175104K, 1% used [0x00000006c0000000,0x00000006c02d66c0,0x00000006cab00000)
 Metaspace       used 19697K, capacity 20402K, committed 20736K, reserved 1067008K
  class space    used 2764K, capacity 2946K, committed 3072K, reserved 1048576K
}
Event: 2.380 GC heap before
{Heap before GC invocations=4 (full 0):
 PSYoungGen      total 76288K, used 73699K [0x000000076ab00000, 0x0000000774000000, 0x00000007c0000000)
  eden space 65536K, 99% used [0x000000076ab00000,0x000000076eae3aa0,0x000000076eb00000)
  from space 10752K, 76% used [0x000000076eb00000,0x000000076f315460,0x000000076f580000)
  to   space 10752K, 0% used [0x0000000773580000,0x0000000773580000,0x0000000774000000)
 ParOldGen       total 175104K, used 2905K [0x00000006c0000000, 0x00000006cab00000, 0x000000076ab00000)
  object space 175104K, 1% used [0x00000006c0000000,0x00000006c02d66c0,0x00000006cab00000)
 Metaspace       used 19697K, capacity 20402K, committed 20736K, reserved 1067008K
  class space    used 2764K, capacity 2946K, committed 3072K, reserved 1048576K
Event: 2.386 GC heap after
Heap after GC invocations=4 (full 0):
 PSYoungGen      total 141824K, used 8275K [0x000000076ab00000, 0x0000000774000000, 0x00000007c0000000)
  eden space 131072K, 0% used [0x000000076ab00000,0x000000076ab00000,0x0000000772b00000)
  from space 10752K, 76% used [0x0000000773580000,0x0000000773d94ca8,0x0000000774000000)
  to   space 10752K, 0% used [0x0000000772b00000,0x0000000772b00000,0x0000000773580000)
 ParOldGen       total 175104K, used 2913K [0x00000006c0000000, 0x00000006cab00000, 0x000000076ab00000)
  object space 175104K, 1% used [0x00000006c0000000,0x00000006c02d86c0,0x00000006cab00000)
 Metaspace       used 19697K, capacity 20402K, committed 20736K, reserved 1067008K
  class space    used 2764K, capacity 2946K, committed 3072K, reserved 1048576K
}
Event: 3.915 GC heap before
{Heap before GC invocations=5 (full 0):
 PSYoungGen      total 141824K, used 89949K [0x000000076ab00000, 0x0000000774000000, 0x00000007c0000000)
  eden space 131072K, 62% used [0x000000076ab00000,0x000000076fac2830,0x0000000772b00000)
  from space 10752K, 76% used [0x0000000773580000,0x0000000773d94ca8,0x0000000774000000)
  to   space 10752K, 0% used [0x0000000772b00000,0x0000000772b00000,0x0000000773580000)
 ParOldGen       total 175104K, used 2913K [0x00000006c0000000, 0x00000006cab00000, 0x000000076ab00000)
  object space 175104K, 1% used [0x00000006c0000000,0x00000006c02d86c0,0x00000006cab00000)
 Metaspace       used 20423K, capacity 21200K, committed 21248K, reserved 1067008K
  class space    used 2846K, capacity 3059K, committed 3072K, reserved 1048576K
Event: 3.924 GC heap after
Heap after GC invocations=5 (full 0):
 PSYoungGen      total 141824K, used 9945K [0x000000076ab00000, 0x000000077c600000, 0x00000007c0000000)
  eden space 131072K, 0% used [0x000000076ab00000,0x000000076ab00000,0x0000000772b00000)
  from space 10752K, 92% used [0x0000000772b00000,0x00000007734b67f0,0x0000000773580000)
  to   space 13824K, 0% used [0x000000077b880000,0x000000077b880000,0x000000077c600000)
 ParOldGen       total 175104K, used 2929K [0x00000006c0000000, 0x00000006cab00000, 0x000000076ab00000)
  object space 175104K, 1% used [0x00000006c0000000,0x00000006c02dc6c0,0x00000006cab00000)
 Metaspace       used 20423K, capacity 21200K, committed 21248K, reserved 1067008K
  class space    used 2846K, capacity 3059K, committed 3072K, reserved 1048576K
}
Event: 3.924 GC heap before
{Heap before GC invocations=6 (full 1):
 PSYoungGen      total 141824K, used 9945K [0x000000076ab00000, 0x000000077c600000, 0x00000007c0000000)
  eden space 131072K, 0% used [0x000000076ab00000,0x000000076ab00000,0x0000000772b00000)
  from space 10752K, 92% used [0x0000000772b00000,0x00000007734b67f0,0x0000000773580000)
  to   space 13824K, 0% used [0x000000077b880000,0x000000077b880000,0x000000077c600000)
 ParOldGen       total 175104K, used 2929K [0x00000006c0000000, 0x00000006cab00000, 0x000000076ab00000)
  object space 175104K, 1% used [0x00000006c0000000,0x00000006c02dc6c0,0x00000006cab00000)
 Metaspace       used 20423K, capacity 21200K, committed 21248K, reserved 1067008K
  class space    used 2846K, capacity 3059K, committed 3072K, reserved 1048576K
Event: 3.950 GC heap after
Heap after GC invocations=6 (full 1):
 PSYoungGen      total 141824K, used 0K [0x000000076ab00000, 0x000000077c600000, 0x00000007c0000000)
  eden space 131072K, 0% used [0x000000076ab00000,0x000000076ab00000,0x0000000772b00000)
  from space 10752K, 0% used [0x0000000772b00000,0x0000000772b00000,0x0000000773580000)
  to   space 13824K, 0% used [0x000000077b880000,0x000000077b880000,0x000000077c600000)
 ParOldGen       total 82944K, used 11639K [0x00000006c0000000, 0x00000006c5100000, 0x000000076ab00000)
  object space 82944K, 14% used [0x00000006c0000000,0x00000006c0b5de58,0x00000006c5100000)
 Metaspace       used 20423K, capacity 21200K, committed 21248K, reserved 1067008K
  class space    used 2846K, capacity 3059K, committed 3072K, reserved 1048576K
}

