# JRE version: Java(TM) SE Runtime Environment (8.0_121-b13) (build 1.8.0_121-b13)
# Java VM: Java HotSpot(TM) 64-Bit Server VM (25.121-b13 mixed mode bsd-amd64 compressed oops)
Heap:
 PSYoungGen      total 141824K, used 12246K [0x000000076ab00000, 0x000000077c500000, 0x00000007c0000000)
  eden space 131072K, 9% used [0x000000076ab00000,0x000000076b6f5800,0x0000000772b00000)
  from space 10752K, 0% used [0x0000000772b00000,0x0000000772b00000,0x0000000773580000)
  to   space 13312K, 0% used [0x000000077b800000,0x000000077b800000,0x000000077c500000)
 ParOldGen       total 81920K, used 11539K [0x00000006c0000000, 0x00000006c5000000, 0x000000076ab00000)
  object space 81920K, 14% used [0x00000006c0000000,0x00000006c0b44ed8,0x00000006c5000000)
 Metaspace       used 20734K, capacity 21582K, committed 21888K, reserved 1069056K
  class space    used 2891K, capacity 3114K, committed 3200K, reserved 1048576K
GC Heap History (10 events):
Event: 3.022 GC heap before
{Heap before GC invocations=2 (full 0):
 PSYoungGen      total 76288K, used 76264K [0x000000076ab00000, 0x0000000770000000, 0x00000007c0000000)
  eden space 65536K, 99% used [0x000000076ab00000,0x000000076eafffc0,0x000000076eb00000)
  from space 10752K, 99% used [0x000000076eb00000,0x000000076f57a0f0,0x000000076f580000)
  to   space 10752K, 0% used [0x000000076f580000,0x000000076f580000,0x0000000770000000)
 ParOldGen       total 175104K, used 2788K [0x00000006c0000000, 0x00000006cab00000, 0x000000076ab00000)
  object space 175104K, 1% used [0x00000006c0000000,0x00000006c02b91a8,0x00000006cab00000)
 Metaspace       used 19697K, capacity 20406K, committed 20736K, reserved 1067008K
  class space    used 2760K, capacity 2946K, committed 3072K, reserved 1048576K
Event: 3.029 GC heap after
Heap after GC invocations=2 (full 0):
 PSYoungGen      total 76288K, used 8385K [0x000000076ab00000, 0x0000000774000000, 0x00000007c0000000)
  eden space 65536K, 0% used [0x000000076ab00000,0x000000076ab00000,0x000000076eb00000)
  from space 10752K, 77% used [0x000000076f580000,0x000000076fdb0688,0x0000000770000000)
  to   space 10752K, 0% used [0x000000076eb00000,0x000000076eb00000,0x000000076f580000)
 ParOldGen       total 175104K, used 2796K [0x00000006c0000000, 0x00000006cab00000, 0x000000076ab00000)
  object space 175104K, 1% used [0x00000006c0000000,0x00000006c02bb1a8,0x00000006cab00000)
 Metaspace       used 19697K, capacity 20406K, committed 20736K, reserved 1067008K
  class space    used 2760K, capacity 2946K, committed 3072K, reserved 1048576K
}
Event: 3.040 GC heap before
{Heap before GC invocations=3 (full 0):
 PSYoungGen      total 76288K, used 73824K [0x000000076ab00000, 0x0000000774000000, 0x00000007c0000000)
  eden space 65536K, 99% used [0x000000076ab00000,0x000000076eae7d68,0x000000076eb00000)
  from space 10752K, 77% used [0x000000076f580000,0x000000076fdb0688,0x0000000770000000)
  to   space 10752K, 0% used [0x000000076eb00000,0x000000076eb00000,0x000000076f580000)
 ParOldGen       total 175104K, used 2796K [0x00000006c0000000, 0x00000006cab00000, 0x000000076ab00000)
  object space 175104K, 1% used [0x00000006c0000000,0x00000006c02bb1a8,0x00000006cab00000)
 Metaspace       used 19697K, capacity 20406K, committed 20736K, reserved 1067008K
  class space    used 2760K, capacity 2946K, committed 3072K, reserved 1048576K
Event: 3.045 GC heap after
Heap after GC invocations=3 (full 0):
 PSYoungGen      total 76288K, used 8100K [0x000000076ab00000, 0x0000000774000000, 0x00000007c0000000)
  eden space 65536K, 0% used [0x000000076ab00000,0x000000076ab00000,0x000000076eb00000)
  from space 10752K, 75% used [0x000000076eb00000,0x000000076f2e9370,0x000000076f580000)
  to   space 10752K, 0% used [0x0000000773580000,0x0000000773580000,0x0000000774000000)
 ParOldGen       total 175104K, used 2796K [0x00000006c0000000, 0x00000006cab00000, 0x000000076ab00000)
  object space 175104K, 1% used [0x00000006c0000000,0x00000006c02bb1a8,0x00000006cab00000)
 Metaspace       used 19697K, capacity 20406K, committed 20736K, reserved 1067008K
  class space    used 2760K, capacity 2946K, committed 3072K, reserved 1048576K
}
Event: 3.055 GC heap before
{Heap before GC invocations=4 (full 0):
 PSYoungGen      total 76288K, used 73522K [0x000000076ab00000, 0x0000000774000000, 0x00000007c0000000)
  eden space 65536K, 99% used [0x000000076ab00000,0x000000076eae3770,0x000000076eb00000)
  from space 10752K, 75% used [0x000000076eb00000,0x000000076f2e9370,0x000000076f580000)
  to   space 10752K, 0% used [0x0000000773580000,0x0000000773580000,0x0000000774000000)
 ParOldGen       total 175104K, used 2796K [0x00000006c0000000, 0x00000006cab00000, 0x000000076ab00000)
  object space 175104K, 1% used [0x00000006c0000000,0x00000006c02bb1a8,0x00000006cab00000)
 Metaspace       used 19698K, capacity 20406K, committed 20736K, reserved 1067008K
  class space    used 2760K, capacity 2946K, committed 3072K, reserved 1048576K
Event: 3.062 GC heap after
Heap after GC invocations=4 (full 0):
 PSYoungGen      total 141824K, used 8194K [0x000000076ab00000, 0x0000000774000000, 0x00000007c0000000)
  eden space 131072K, 0% used [0x000000076ab00000,0x000000076ab00000,0x0000000772b00000)
  from space 10752K, 76% used [0x0000000773580000,0x0000000773d80828,0x0000000774000000)
  to   space 10752K, 0% used [0x0000000772b00000,0x0000000772b00000,0x0000000773580000)
 ParOldGen       total 175104K, used 2804K [0x00000006c0000000, 0x00000006cab00000, 0x000000076ab00000)
  object space 175104K, 1% used [0x00000006c0000000,0x00000006c02bd1a8,0x00000006cab00000)
 Metaspace       used 19698K, capacity 20406K, committed 20736K, reserved 1067008K
  class space    used 2760K, capacity 2946K, committed 3072K, reserved 1048576K
}
Event: 5.153 GC heap before
{Heap before GC invocations=5 (full 0):
 PSYoungGen      total 141824K, used 89888K [0x000000076ab00000, 0x0000000774000000, 0x00000007c0000000)
  eden space 131072K, 62% used [0x000000076ab00000,0x000000076fac7a18,0x0000000772b00000)
  from space 10752K, 76% used [0x0000000773580000,0x0000000773d80828,0x0000000774000000)
  to   space 10752K, 0% used [0x0000000772b00000,0x0000000772b00000,0x0000000773580000)
 ParOldGen       total 175104K, used 2804K [0x00000006c0000000, 0x00000006cab00000, 0x000000076ab00000)
  object space 175104K, 1% used [0x00000006c0000000,0x00000006c02bd1a8,0x00000006cab00000)
 Metaspace       used 20350K, capacity 21108K, committed 21248K, reserved 1067008K
  class space    used 2826K, capacity 3025K, committed 3072K, reserved 1048576K
Event: 5.160 GC heap after
Heap after GC invocations=5 (full 0):
 PSYoungGen      total 141824K, used 9915K [0x000000076ab00000, 0x000000077c500000, 0x00000007c0000000)
  eden space 131072K, 0% used [0x000000076ab00000,0x000000076ab00000,0x0000000772b00000)
  from space 10752K, 92% used [0x0000000772b00000,0x00000007734aee50,0x0000000773580000)
  to   space 13312K, 0% used [0x000000077b800000,0x000000077b800000,0x000000077c500000)
 ParOldGen       total 175104K, used 2812K [0x00000006c0000000, 0x00000006cab00000, 0x000000076ab00000)
  object space 175104K, 1% used [0x00000006c0000000,0x00000006c02bf1a8,0x00000006cab00000)
 Metaspace       used 20350K, capacity 21108K, committed 21248K, reserved 1067008K
  class space    used 2826K, capacity 3025K, committed 3072K, reserved 1048576K
}
Event: 5.160 GC heap before
{Heap before GC invocations=6 (full 1):
 PSYoungGen      total 141824K, used 9915K [0x000000076ab00000, 0x000000077c500000, 0x00000007c0000000)
  eden space 131072K, 0% used [0x000000076ab00000,0x000000076ab00000,0x0000000772b00000)
  from space 10752K, 92% used [0x0000000772b00000,0x00000007734aee50,0x0000000773580000)
  to   space 13312K, 0% used [0x000000077b800000,0x000000077b800000,0x000000077c500000)
 ParOldGen       total 175104K, used 2812K [0x00000006c0000000, 0x00000006cab00000, 0x000000076ab00000)
  object space 175104K, 1% used [0x00000006c0000000,0x00000006c02bf1a8,0x00000006cab00000)
 Metaspace       used 20350K, capacity 21108K, committed 21248K, reserved 1067008K
  class space    used 2826K, capacity 3025K, committed 3072K, reserved 1048576K
Event: 5.186 GC heap after
Heap after GC invocations=6 (full 1):
 PSYoungGen      total 141824K, used 0K [0x000000076ab00000, 0x000000077c500000, 0x00000007c0000000)
  eden space 131072K, 0% used [0x000000076ab00000,0x000000076ab00000,0x0000000772b00000)
  from space 10752K, 0% used [0x0000000772b00000,0x0000000772b00000,0x0000000773580000)
  to   space 13312K, 0% used [0x000000077b800000,0x000000077b800000,0x000000077c500000)
 ParOldGen       total 81920K, used 11539K [0x00000006c0000000, 0x00000006c5000000, 0x000000076ab00000)
  object space 81920K, 14% used [0x00000006c0000000,0x00000006c0b44ed8,0x00000006c5000000)
 Metaspace       used 20350K, capacity 21108K, committed 21248K, reserved 1067008K
  class space    used 2826K, capacity 3025K, committed 3072K, reserved 1048576K
}

