# JRE version: Java(TM) SE Runtime Environment (8.0_121-b13) (build 1.8.0_121-b13)
# Java VM: Java HotSpot(TM) 64-Bit Server VM (25.121-b13 mixed mode bsd-amd64 compressed oops)
Heap:
 PSYoungGen      total 273408K, used 6564K [0x000000076ab00000, 0x000000077c580000, 0x00000007c0000000)
  eden space 259072K, 2% used [0x000000076ab00000,0x000000076b1690a0,0x000000077a800000)
  from space 14336K, 0% used [0x000000077b680000,0x000000077b680000,0x000000077c480000)
  to   space 14848K, 0% used [0x000000077a800000,0x000000077a800000,0x000000077b680000)
 ParOldGen       total 80384K, used 17827K [0x00000006c0000000, 0x00000006c4e80000, 0x000000076ab00000)
  object space 80384K, 22% used [0x00000006c0000000,0x00000006c1168cc0,0x00000006c4e80000)
 Metaspace       used 21598K, capacity 22524K, committed 22656K, reserved 1069056K
  class space    used 2948K, capacity 3175K, committed 3200K, reserved 1048576K
GC Heap History (10 events):
Event: 9.644 GC heap before
{Heap before GC invocations=8 (full 2):
 PSYoungGen      total 270336K, used 7711K [0x000000076ab00000, 0x000000077c280000, 0x00000007c0000000)
  eden space 259584K, 0% used [0x000000076ab00000,0x000000076ab00000,0x000000077a880000)
  from space 10752K, 71% used [0x000000077b800000,0x000000077bf87df8,0x000000077c280000)
  to   space 13312K, 0% used [0x000000077a880000,0x000000077a880000,0x000000077b580000)
 ParOldGen       total 80384K, used 10632K [0x00000006c0000000, 0x00000006c4e80000, 0x000000076ab00000)
  object space 80384K, 13% used [0x00000006c0000000,0x00000006c0a62040,0x00000006c4e80000)
 Metaspace       used 21152K, capacity 22020K, committed 22144K, reserved 1069056K
  class space    used 2932K, capacity 3161K, committed 3200K, reserved 1048576K
Event: 9.698 GC heap after
Heap after GC invocations=8 (full 2):
 PSYoungGen      total 270336K, used 0K [0x000000076ab00000, 0x000000077c280000, 0x00000007c0000000)
  eden space 259584K, 0% used [0x000000076ab00000,0x000000076ab00000,0x000000077a880000)
  from space 10752K, 0% used [0x000000077b800000,0x000000077b800000,0x000000077c280000)
  to   space 13312K, 0% used [0x000000077a880000,0x000000077a880000,0x000000077b580000)
 ParOldGen       total 80384K, used 18073K [0x00000006c0000000, 0x00000006c4e80000, 0x000000076ab00000)
  object space 80384K, 22% used [0x00000006c0000000,0x00000006c11a6570,0x00000006c4e80000)
 Metaspace       used 21152K, capacity 22020K, committed 22144K, reserved 1069056K
  class space    used 2932K, capacity 3161K, committed 3200K, reserved 1048576K
}
Event: 13.957 GC heap before
{Heap before GC invocations=9 (full 2):
 PSYoungGen      total 270336K, used 12889K [0x000000076ab00000, 0x000000077c280000, 0x00000007c0000000)
  eden space 259584K, 4% used [0x000000076ab00000,0x000000076b796570,0x000000077a880000)
  from space 10752K, 0% used [0x000000077b800000,0x000000077b800000,0x000000077c280000)
  to   space 13312K, 0% used [0x000000077a880000,0x000000077a880000,0x000000077b580000)
 ParOldGen       total 80384K, used 18073K [0x00000006c0000000, 0x00000006c4e80000, 0x000000076ab00000)
  object space 80384K, 22% used [0x00000006c0000000,0x00000006c11a6570,0x00000006c4e80000)
 Metaspace       used 21411K, capacity 22324K, committed 22400K, reserved 1069056K
  class space    used 2946K, capacity 3175K, committed 3200K, reserved 1048576K
Event: 13.959 GC heap after
Heap after GC invocations=9 (full 2):
 PSYoungGen      total 272896K, used 1888K [0x000000076ab00000, 0x000000077c480000, 0x00000007c0000000)
  eden space 259584K, 0% used [0x000000076ab00000,0x000000076ab00000,0x000000077a880000)
  from space 13312K, 14% used [0x000000077a880000,0x000000077aa58010,0x000000077b580000)
  to   space 14336K, 0% used [0x000000077b680000,0x000000077b680000,0x000000077c480000)
 ParOldGen       total 80384K, used 18081K [0x00000006c0000000, 0x00000006c4e80000, 0x000000076ab00000)
  object space 80384K, 22% used [0x00000006c0000000,0x00000006c11a8570,0x00000006c4e80000)
 Metaspace       used 21411K, capacity 22324K, committed 22400K, reserved 1069056K
  class space    used 2946K, capacity 3175K, committed 3200K, reserved 1048576K
}
Event: 13.959 GC heap before
{Heap before GC invocations=10 (full 3):
 PSYoungGen      total 272896K, used 1888K [0x000000076ab00000, 0x000000077c480000, 0x00000007c0000000)
  eden space 259584K, 0% used [0x000000076ab00000,0x000000076ab00000,0x000000077a880000)
  from space 13312K, 14% used [0x000000077a880000,0x000000077aa58010,0x000000077b580000)
  to   space 14336K, 0% used [0x000000077b680000,0x000000077b680000,0x000000077c480000)
 ParOldGen       total 80384K, used 18081K [0x00000006c0000000, 0x00000006c4e80000, 0x000000076ab00000)
  object space 80384K, 22% used [0x00000006c0000000,0x00000006c11a8570,0x00000006c4e80000)
 Metaspace       used 21411K, capacity 22324K, committed 22400K, reserved 1069056K
  class space    used 2946K, capacity 3175K, committed 3200K, reserved 1048576K
Event: 13.993 GC heap after
Heap after GC invocations=10 (full 3):
 PSYoungGen      total 272896K, used 0K [0x000000076ab00000, 0x000000077c480000, 0x00000007c0000000)
  eden space 259584K, 0% used [0x000000076ab00000,0x000000076ab00000,0x000000077a880000)
  from space 13312K, 0% used [0x000000077a880000,0x000000077a880000,0x000000077b580000)
  to   space 14336K, 0% used [0x000000077b680000,0x000000077b680000,0x000000077c480000)
 ParOldGen       total 80384K, used 17899K [0x00000006c0000000, 0x00000006c4e80000, 0x000000076ab00000)
  object space 80384K, 22% used [0x00000006c0000000,0x00000006c117ac60,0x00000006c4e80000)
 Metaspace       used 21411K, capacity 22324K, committed 22400K, reserved 1069056K
  class space    used 2946K, capacity 3175K, committed 3200K, reserved 1048576K
}
Event: 17.837 GC heap before
{Heap before GC invocations=11 (full 3):
 PSYoungGen      total 272896K, used 13967K [0x000000076ab00000, 0x000000077c480000, 0x00000007c0000000)
  eden space 259584K, 5% used [0x000000076ab00000,0x000000076b8a3d60,0x000000077a880000)
  from space 13312K, 0% used [0x000000077a880000,0x000000077a880000,0x000000077b580000)
  to   space 14336K, 0% used [0x000000077b680000,0x000000077b680000,0x000000077c480000)
 ParOldGen       total 80384K, used 17899K [0x00000006c0000000, 0x00000006c4e80000, 0x000000076ab00000)
  object space 80384K, 22% used [0x00000006c0000000,0x00000006c117ac60,0x00000006c4e80000)
 Metaspace       used 21580K, capacity 22460K, committed 22656K, reserved 1069056K
  class space    used 2948K, capacity 3175K, committed 3200K, reserved 1048576K
Event: 17.838 GC heap after
Heap after GC invocations=11 (full 3):
 PSYoungGen      total 273408K, used 1856K [0x000000076ab00000, 0x000000077c580000, 0x00000007c0000000)
  eden space 259072K, 0% used [0x000000076ab00000,0x000000076ab00000,0x000000077a800000)
  from space 14336K, 12% used [0x000000077b680000,0x000000077b850010,0x000000077c480000)
  to   space 14848K, 0% used [0x000000077a800000,0x000000077a800000,0x000000077b680000)
 ParOldGen       total 80384K, used 17907K [0x00000006c0000000, 0x00000006c4e80000, 0x000000076ab00000)
  object space 80384K, 22% used [0x00000006c0000000,0x00000006c117cc60,0x00000006c4e80000)
 Metaspace       used 21580K, capacity 22460K, committed 22656K, reserved 1069056K
  class space    used 2948K, capacity 3175K, committed 3200K, reserved 1048576K
}
Event: 17.838 GC heap before
{Heap before GC invocations=12 (full 4):
 PSYoungGen      total 273408K, used 1856K [0x000000076ab00000, 0x000000077c580000, 0x00000007c0000000)
  eden space 259072K, 0% used [0x000000076ab00000,0x000000076ab00000,0x000000077a800000)
  from space 14336K, 12% used [0x000000077b680000,0x000000077b850010,0x000000077c480000)
  to   space 14848K, 0% used [0x000000077a800000,0x000000077a800000,0x000000077b680000)
 ParOldGen       total 80384K, used 17907K [0x00000006c0000000, 0x00000006c4e80000, 0x000000076ab00000)
  object space 80384K, 22% used [0x00000006c0000000,0x00000006c117cc60,0x00000006c4e80000)
 Metaspace       used 21580K, capacity 22460K, committed 22656K, reserved 1069056K
  class space    used 2948K, capacity 3175K, committed 3200K, reserved 1048576K
Event: 17.880 GC heap after
Heap after GC invocations=12 (full 4):
 PSYoungGen      total 273408K, used 0K [0x000000076ab00000, 0x000000077c580000, 0x00000007c0000000)
  eden space 259072K, 0% used [0x000000076ab00000,0x000000076ab00000,0x000000077a800000)
  from space 14336K, 0% used [0x000000077b680000,0x000000077b680000,0x000000077c480000)
  to   space 14848K, 0% used [0x000000077a800000,0x000000077a800000,0x000000077b680000)
 ParOldGen       total 80384K, used 17827K [0x00000006c0000000, 0x00000006c4e80000, 0x000000076ab00000)
  object space 80384K, 22% used [0x00000006c0000000,0x00000006c1168cc0,0x00000006c4e80000)
 Metaspace       used 21580K, capacity 22460K, committed 22656K, reserved 1069056K
  class space    used 2948K, capacity 3175K, committed 3200K, reserved 1048576K
}

